<?xml version="1.0" encoding="UTF-8"?>
<!-- Generated by org.testng.reporters.JUnitReportReporter -->
<testsuite hostname="RajiLaptop" failures="0" tests="1" name="TestPack3.Screenshot1" time="5.773" errors="0" timestamp="2024-07-05T12:45:24 CDT" skipped="0">
  <testcase classname="TestPack3.Screenshot1" name="screenshottest" time="5.773"/>
  <system-out/>
</testsuite> <!-- TestPack3.Screenshot1 -->
