<?xml version="1.0" encoding="UTF-8"?>
<!-- Generated by org.testng.reporters.JUnitReportReporter -->
<testsuite hostname="RajiLaptop" failures="0" tests="4" name="TestPack3.DependsonMethods" time="0.025" errors="0" timestamp="2024-07-05T12:08:38 CDT" skipped="0">
  <testcase classname="TestPack3.DependsonMethods" name="carloan3" time="0.008"/>
  <system-out/>
  <testcase classname="TestPack3.DependsonMethods" name="carloan" time="0.002"/>
  <system-out/>
  <testcase classname="TestPack3.DependsonMethods" name="carloan2" time="0.003"/>
  <system-out/>
  <testcase classname="TestPack3.DependsonMethods" name="credentials" time="0.012"/>
  <system-out/>
</testsuite> <!-- TestPack3.DependsonMethods -->
