<?xml version="1.0" encoding="UTF-8"?>
<!-- Generated by org.testng.reporters.JUnitReportReporter -->
<testsuite hostname="RajiLaptop" failures="0" tests="3" name="TestPack3.DataProviderClass" time="0.012" errors="0" timestamp="2024-07-05T12:08:38 CDT" skipped="0">
  <testcase classname="TestPack3.DataProviderClass" name="carloan" time="0.001"/>
  <system-out/>
  <testcase classname="TestPack3.DataProviderClass" name="carloan" time="0.009"/>
  <system-out/>
  <testcase classname="TestPack3.DataProviderClass" name="carloan" time="0.002"/>
  <system-out/>
</testsuite> <!-- TestPack3.DataProviderClass -->
