<?xml version="1.0" encoding="UTF-8"?>
<!-- Generated by org.testng.reporters.JUnitReportReporter -->
<testsuite hostname="RajiLaptop" failures="0" tests="1" name="TestPack3.PropertiesClass" time="0.046" errors="0" timestamp="2024-07-09T12:19:19 CDT" skipped="0">
  <testcase classname="TestPack3.PropertiesClass" name="propertiesTest" time="0.046"/>
  <system-out/>
</testsuite> <!-- TestPack3.PropertiesClass -->
