<?xml version="1.0" encoding="UTF-8"?>
<!-- Generated by org.testng.reporters.JUnitReportReporter -->
<testsuite hostname="RajiLaptop" failures="0" tests="3" name="TestPack3.Test5" time="0.002" errors="0" timestamp="2024-07-05T12:08:38 CDT" skipped="0">
  <testcase classname="TestPack3.Test5" name="Test52" time="0.001"/>
  <system-out/>
  <testcase classname="TestPack3.Test5" name="Test51" time="0.000"/>
  <system-out/>
  <testcase classname="TestPack3.Test5" name="Test53" time="0.001"/>
  <system-out/>
</testsuite> <!-- TestPack3.Test5 -->
